This is pdfTeX, Version 3.141592653-2.6-1.40.22 (TeX Live 2022/dev/Debian) (preloaded format=pdflatex 2025.10.28)  21 DEC 2025 23:43
entering extended mode
 restricted \write18 enabled.
 %&-line parsing enabled.
**main.tex
(./main.tex
LaTeX2e <2021-11-15> patch level 1
L3 programming layer <2022-01-21>
(/usr/share/texlive/texmf-dist/tex/latex/beamer/beamer.cls
Document Class: beamer 2022/01/21 v3.65 A class for typesetting presentations
(/usr/share/texlive/texmf-dist/tex/latex/beamer/beamerbasemodes.sty
(/usr/share/texlive/texmf-dist/tex/latex/etoolbox/etoolbox.sty
Package: etoolbox 2020/10/05 v2.5k e-TeX tools for LaTeX (JAW)
\etb@tempcnta=\count185
)
\beamer@tempbox=\box50
\beamer@tempcount=\count186
\c@beamerpauses=\count187

(/usr/share/texlive/texmf-dist/tex/latex/beamer/beamerbasedecode.sty
\beamer@slideinframe=\count188
\beamer@minimum=\count189
\beamer@decode@box=\box51
)
\beamer@commentbox=\box52
\beamer@modecount=\count190
)
(/usr/share/texlive/texmf-dist/tex/generic/iftex/ifpdf.sty
Package: ifpdf 2019/10/25 v3.4 ifpdf legacy package. Use iftex instead.

(/usr/share/texlive/texmf-dist/tex/generic/iftex/iftex.sty
Package: iftex 2020/03/06 v1.0d TeX engine tests
))
\headdp=\dimen138
\footheight=\dimen139
\sidebarheight=\dimen140
\beamer@tempdim=\dimen141
\beamer@finalheight=\dimen142
\beamer@animht=\dimen143
\beamer@animdp=\dimen144
\beamer@animwd=\dimen145
\beamer@leftmargin=\dimen146
\beamer@rightmargin=\dimen147
\beamer@leftsidebar=\dimen148
\beamer@rightsidebar=\dimen149
\beamer@boxsize=\dimen150
\beamer@vboxoffset=\dimen151
\beamer@descdefault=\dimen152
\beamer@descriptionwidth=\dimen153
\beamer@lastskip=\skip47
\beamer@areabox=\box53
\beamer@animcurrent=\box54
\beamer@animshowbox=\box55
\beamer@sectionbox=\box56
\beamer@logobox=\box57
\beamer@linebox=\box58
\beamer@sectioncount=\count191
\beamer@subsubsectionmax=\count192
\beamer@subsectionmax=\count193
\beamer@sectionmax=\count194
\beamer@totalheads=\count195
\beamer@headcounter=\count196
\beamer@partstartpage=\count197
\beamer@sectionstartpage=\count198
\beamer@subsectionstartpage=\count199
\beamer@animationtempa=\count266
\beamer@animationtempb=\count267
\beamer@xpos=\count268
\beamer@ypos=\count269
\beamer@ypos@offset=\count270
\beamer@showpartnumber=\count271
\beamer@currentsubsection=\count272
\beamer@coveringdepth=\count273
\beamer@sectionadjust=\count274
\beamer@toclastsection=\count275
\beamer@tocsectionnumber=\count276

(/usr/share/texlive/texmf-dist/tex/latex/beamer/beamerbaseoptions.sty
(/usr/share/texlive/texmf-dist/tex/latex/graphics/keyval.sty
Package: keyval 2014/10/28 v1.15 key=value parser (DPC)
\KV@toks@=\toks16
))
\beamer@paperwidth=\skip48
\beamer@paperheight=\skip49

(/usr/share/texlive/texmf-dist/tex/latex/geometry/geometry.sty
Package: geometry 2020/01/02 v5.9 Page Geometry

(/usr/share/texlive/texmf-dist/tex/generic/iftex/ifvtex.sty
Package: ifvtex 2019/10/25 v1.7 ifvtex legacy package. Use iftex instead.
)
\Gm@cnth=\count277
\Gm@cntv=\count278
\c@Gm@tempcnt=\count279
\Gm@bindingoffset=\dimen154
\Gm@wd@mp=\dimen155
\Gm@odd@mp=\dimen156
\Gm@even@mp=\dimen157
\Gm@layoutwidth=\dimen158
\Gm@layoutheight=\dimen159
\Gm@layouthoffset=\dimen160
\Gm@layoutvoffset=\dimen161
\Gm@dimlist=\toks17
)
(/usr/share/texlive/texmf-dist/tex/latex/pgf/basiclayer/pgfcore.sty
(/usr/share/texlive/texmf-dist/tex/latex/graphics/graphicx.sty
Package: graphicx 2021/09/16 v1.2d Enhanced LaTeX Graphics (DPC,SPQR)

(/usr/share/texlive/texmf-dist/tex/latex/graphics/graphics.sty
Package: graphics 2021/03/04 v1.4d Standard LaTeX Graphics (DPC,SPQR)

(/usr/share/texlive/texmf-dist/tex/latex/graphics/trig.sty
Package: trig 2021/08/11 v1.11 sin cos tan (DPC)
)
(/usr/share/texlive/texmf-dist/tex/latex/graphics-cfg/graphics.cfg
File: graphics.cfg 2016/06/04 v1.11 sample graphics configuration
)
Package graphics Info: Driver file: pdftex.def on input line 107.

(/usr/share/texlive/texmf-dist/tex/latex/graphics-def/pdftex.def
File: pdftex.def 2020/10/05 v1.2a Graphics/color driver for pdftex
))
\Gin@req@height=\dimen162
\Gin@req@width=\dimen163
)
(/usr/share/texlive/texmf-dist/tex/latex/pgf/systemlayer/pgfsys.sty
(/usr/share/texlive/texmf-dist/tex/latex/pgf/utilities/pgfrcs.sty
(/usr/share/texlive/texmf-dist/tex/generic/pgf/utilities/pgfutil-common.tex
\pgfutil@everybye=\toks18
\pgfutil@tempdima=\dimen164
\pgfutil@tempdimb=\dimen165

(/usr/share/texlive/texmf-dist/tex/generic/pgf/utilities/pgfutil-common-lists.t
ex)) (/usr/share/texlive/texmf-dist/tex/generic/pgf/utilities/pgfutil-latex.def
\pgfutil@abb=\box59
) (/usr/share/texlive/texmf-dist/tex/generic/pgf/utilities/pgfrcs.code.tex
(/usr/share/texlive/texmf-dist/tex/generic/pgf/pgf.revision.tex)
Package: pgfrcs 2021/05/15 v3.1.9a (3.1.9a)
))
(/usr/share/texlive/texmf-dist/tex/generic/pgf/systemlayer/pgfsys.code.tex
Package: pgfsys 2021/05/15 v3.1.9a (3.1.9a)

(/usr/share/texlive/texmf-dist/tex/generic/pgf/utilities/pgfkeys.code.tex
\pgfkeys@pathtoks=\toks19
\pgfkeys@temptoks=\toks20

(/usr/share/texlive/texmf-dist/tex/generic/pgf/utilities/pgfkeysfiltered.code.t
ex
\pgfkeys@tmptoks=\toks21
))
\pgf@x=\dimen166
\pgf@y=\dimen167
\pgf@xa=\dimen168
\pgf@ya=\dimen169
\pgf@xb=\dimen170
\pgf@yb=\dimen171
\pgf@xc=\dimen172
\pgf@yc=\dimen173
\pgf@xd=\dimen174
\pgf@yd=\dimen175
\w@pgf@writea=\write3
\r@pgf@reada=\read2
\c@pgf@counta=\count280
\c@pgf@countb=\count281
\c@pgf@countc=\count282
\c@pgf@countd=\count283
\t@pgf@toka=\toks22
\t@pgf@tokb=\toks23
\t@pgf@tokc=\toks24
\pgf@sys@id@count=\count284
 (/usr/share/texlive/texmf-dist/tex/generic/pgf/systemlayer/pgf.cfg
File: pgf.cfg 2021/05/15 v3.1.9a (3.1.9a)
)
Driver file for pgf: pgfsys-pdftex.def

(/usr/share/texlive/texmf-dist/tex/generic/pgf/systemlayer/pgfsys-pdftex.def
File: pgfsys-pdftex.def 2021/05/15 v3.1.9a (3.1.9a)

(/usr/share/texlive/texmf-dist/tex/generic/pgf/systemlayer/pgfsys-common-pdf.de
f
File: pgfsys-common-pdf.def 2021/05/15 v3.1.9a (3.1.9a)
)))
(/usr/share/texlive/texmf-dist/tex/generic/pgf/systemlayer/pgfsyssoftpath.code.
tex
File: pgfsyssoftpath.code.tex 2021/05/15 v3.1.9a (3.1.9a)
\pgfsyssoftpath@smallbuffer@items=\count285
\pgfsyssoftpath@bigbuffer@items=\count286
)
(/usr/share/texlive/texmf-dist/tex/generic/pgf/systemlayer/pgfsysprotocol.code.
tex
File: pgfsysprotocol.code.tex 2021/05/15 v3.1.9a (3.1.9a)
)) (/usr/share/texlive/texmf-dist/tex/latex/xcolor/xcolor.sty
Package: xcolor 2021/10/31 v2.13 LaTeX color extensions (UK)

(/usr/share/texlive/texmf-dist/tex/latex/graphics-cfg/color.cfg
File: color.cfg 2016/01/02 v1.6 sample color configuration
)
Package xcolor Info: Driver file: pdftex.def on input line 227.
Package xcolor Info: Model `cmy' substituted by `cmy0' on input line 1352.
Package xcolor Info: Model `hsb' substituted by `rgb' on input line 1356.
Package xcolor Info: Model `RGB' extended on input line 1368.
Package xcolor Info: Model `HTML' substituted by `rgb' on input line 1370.
Package xcolor Info: Model `Hsb' substituted by `hsb' on input line 1371.
Package xcolor Info: Model `tHsb' substituted by `hsb' on input line 1372.
Package xcolor Info: Model `HSB' substituted by `hsb' on input line 1373.
Package xcolor Info: Model `Gray' substituted by `gray' on input line 1374.
Package xcolor Info: Model `wave' substituted by `hsb' on input line 1375.
)
(/usr/share/texlive/texmf-dist/tex/generic/pgf/basiclayer/pgfcore.code.tex
Package: pgfcore 2021/05/15 v3.1.9a (3.1.9a)

(/usr/share/texlive/texmf-dist/tex/generic/pgf/math/pgfmath.code.tex
(/usr/share/texlive/texmf-dist/tex/generic/pgf/math/pgfmathcalc.code.tex
(/usr/share/texlive/texmf-dist/tex/generic/pgf/math/pgfmathutil.code.tex)
(/usr/share/texlive/texmf-dist/tex/generic/pgf/math/pgfmathparser.code.tex
\pgfmath@dimen=\dimen176
\pgfmath@count=\count287
\pgfmath@box=\box60
\pgfmath@toks=\toks25
\pgfmath@stack@operand=\toks26
\pgfmath@stack@operation=\toks27
)
(/usr/share/texlive/texmf-dist/tex/generic/pgf/math/pgfmathfunctions.code.tex
(/usr/share/texlive/texmf-dist/tex/generic/pgf/math/pgfmathfunctions.basic.code
.tex)
(/usr/share/texlive/texmf-dist/tex/generic/pgf/math/pgfmathfunctions.trigonomet
ric.code.tex)
(/usr/share/texlive/texmf-dist/tex/generic/pgf/math/pgfmathfunctions.random.cod
e.tex)
(/usr/share/texlive/texmf-dist/tex/generic/pgf/math/pgfmathfunctions.comparison
.code.tex)
(/usr/share/texlive/texmf-dist/tex/generic/pgf/math/pgfmathfunctions.base.code.
tex)
(/usr/share/texlive/texmf-dist/tex/generic/pgf/math/pgfmathfunctions.round.code
.tex)
(/usr/share/texlive/texmf-dist/tex/generic/pgf/math/pgfmathfunctions.misc.code.
tex)
(/usr/share/texlive/texmf-dist/tex/generic/pgf/math/pgfmathfunctions.integerari
thmetics.code.tex)))
(/usr/share/texlive/texmf-dist/tex/generic/pgf/math/pgfmathfloat.code.tex
\c@pgfmathroundto@lastzeros=\count288
))
(/usr/share/texlive/texmf-dist/tex/generic/pgf/math/pgfint.code.tex)
(/usr/share/texlive/texmf-dist/tex/generic/pgf/basiclayer/pgfcorepoints.code.te
x
File: pgfcorepoints.code.tex 2021/05/15 v3.1.9a (3.1.9a)
\pgf@picminx=\dimen177
\pgf@picmaxx=\dimen178
\pgf@picminy=\dimen179
\pgf@picmaxy=\dimen180
\pgf@pathminx=\dimen181
\pgf@pathmaxx=\dimen182
\pgf@pathminy=\dimen183
\pgf@pathmaxy=\dimen184
\pgf@xx=\dimen185
\pgf@xy=\dimen186
\pgf@yx=\dimen187
\pgf@yy=\dimen188
\pgf@zx=\dimen189
\pgf@zy=\dimen190
)
(/usr/share/texlive/texmf-dist/tex/generic/pgf/basiclayer/pgfcorepathconstruct.
code.tex
File: pgfcorepathconstruct.code.tex 2021/05/15 v3.1.9a (3.1.9a)
\pgf@path@lastx=\dimen191
\pgf@path@lasty=\dimen192
)
(/usr/share/texlive/texmf-dist/tex/generic/pgf/basiclayer/pgfcorepathusage.code
.tex
File: pgfcorepathusage.code.tex 2021/05/15 v3.1.9a (3.1.9a)
\pgf@shorten@end@additional=\dimen193
\pgf@shorten@start@additional=\dimen194
)
(/usr/share/texlive/texmf-dist/tex/generic/pgf/basiclayer/pgfcorescopes.code.te
x
File: pgfcorescopes.code.tex 2021/05/15 v3.1.9a (3.1.9a)
\pgfpic=\box61
\pgf@hbox=\box62
\pgf@layerbox@main=\box63
\pgf@picture@serial@count=\count289
)
(/usr/share/texlive/texmf-dist/tex/generic/pgf/basiclayer/pgfcoregraphicstate.c
ode.tex
File: pgfcoregraphicstate.code.tex 2021/05/15 v3.1.9a (3.1.9a)
\pgflinewidth=\dimen195
)
(/usr/share/texlive/texmf-dist/tex/generic/pgf/basiclayer/pgfcoretransformation
s.code.tex
File: pgfcoretransformations.code.tex 2021/05/15 v3.1.9a (3.1.9a)
\pgf@pt@x=\dimen196
\pgf@pt@y=\dimen197
\pgf@pt@temp=\dimen198
)
(/usr/share/texlive/texmf-dist/tex/generic/pgf/basiclayer/pgfcorequick.code.tex
File: pgfcorequick.code.tex 2021/05/15 v3.1.9a (3.1.9a)
)
(/usr/share/texlive/texmf-dist/tex/generic/pgf/basiclayer/pgfcoreobjects.code.t
ex
File: pgfcoreobjects.code.tex 2021/05/15 v3.1.9a (3.1.9a)
)
(/usr/share/texlive/texmf-dist/tex/generic/pgf/basiclayer/pgfcorepathprocessing
.code.tex
File: pgfcorepathprocessing.code.tex 2021/05/15 v3.1.9a (3.1.9a)
)
(/usr/share/texlive/texmf-dist/tex/generic/pgf/basiclayer/pgfcorearrows.code.te
x
File: pgfcorearrows.code.tex 2021/05/15 v3.1.9a (3.1.9a)
\pgfarrowsep=\dimen199
)
(/usr/share/texlive/texmf-dist/tex/generic/pgf/basiclayer/pgfcoreshade.code.tex
File: pgfcoreshade.code.tex 2021/05/15 v3.1.9a (3.1.9a)
\pgf@max=\dimen256
\pgf@sys@shading@range@num=\count290
\pgf@shadingcount=\count291
)
(/usr/share/texlive/texmf-dist/tex/generic/pgf/basiclayer/pgfcoreimage.code.tex
File: pgfcoreimage.code.tex 2021/05/15 v3.1.9a (3.1.9a)

(/usr/share/texlive/texmf-dist/tex/generic/pgf/basiclayer/pgfcoreexternal.code.
tex
File: pgfcoreexternal.code.tex 2021/05/15 v3.1.9a (3.1.9a)
\pgfexternal@startupbox=\box64
))
(/usr/share/texlive/texmf-dist/tex/generic/pgf/basiclayer/pgfcorelayers.code.te
x
File: pgfcorelayers.code.tex 2021/05/15 v3.1.9a (3.1.9a)
)
(/usr/share/texlive/texmf-dist/tex/generic/pgf/basiclayer/pgfcoretransparency.c
ode.tex
File: pgfcoretransparency.code.tex 2021/05/15 v3.1.9a (3.1.9a)
)
(/usr/share/texlive/texmf-dist/tex/generic/pgf/basiclayer/pgfcorepatterns.code.
tex
File: pgfcorepatterns.code.tex 2021/05/15 v3.1.9a (3.1.9a)
)
(/usr/share/texlive/texmf-dist/tex/generic/pgf/basiclayer/pgfcorerdf.code.tex
File: pgfcorerdf.code.tex 2021/05/15 v3.1.9a (3.1.9a)
))) (/usr/share/texlive/texmf-dist/tex/latex/base/size11.clo
File: size11.clo 2021/10/04 v1.4n Standard LaTeX file (size option)
)
(/usr/share/texlive/texmf-dist/tex/latex/pgf/utilities/xxcolor.sty
Package: xxcolor 2003/10/24 ver 0.1
\XC@nummixins=\count292
\XC@countmixins=\count293
)
(/usr/share/texlive/texmf-dist/tex/latex/base/atbegshi-ltx.sty
Package: atbegshi-ltx 2021/01/10 v1.0c Emulation of the original atbegshi
package with kernel methods
)
(/usr/share/texlive/texmf-dist/tex/latex/hyperref/hyperref.sty
Package: hyperref 2021-06-07 v7.00m Hypertext links for LaTeX

(/usr/share/texlive/texmf-dist/tex/generic/ltxcmds/ltxcmds.sty
Package: ltxcmds 2020-05-10 v1.25 LaTeX kernel commands for general use (HO)
)
(/usr/share/texlive/texmf-dist/tex/generic/pdftexcmds/pdftexcmds.sty
Package: pdftexcmds 2020-06-27 v0.33 Utility functions of pdfTeX for LuaTeX (HO
)

(/usr/share/texlive/texmf-dist/tex/generic/infwarerr/infwarerr.sty
Package: infwarerr 2019/12/03 v1.5 Providing info/warning/error messages (HO)
)
Package pdftexcmds Info: \pdf@primitive is available.
Package pdftexcmds Info: \pdf@ifprimitive is available.
Package pdftexcmds Info: \pdfdraftmode found.
)
(/usr/share/texlive/texmf-dist/tex/generic/kvsetkeys/kvsetkeys.sty
Package: kvsetkeys 2019/12/15 v1.18 Key value parser (HO)
)
(/usr/share/texlive/texmf-dist/tex/generic/kvdefinekeys/kvdefinekeys.sty
Package: kvdefinekeys 2019-12-19 v1.6 Define keys (HO)
)
(/usr/share/texlive/texmf-dist/tex/generic/pdfescape/pdfescape.sty
Package: pdfescape 2019/12/09 v1.15 Implements pdfTeX's escape features (HO)
)
(/usr/share/texlive/texmf-dist/tex/latex/hycolor/hycolor.sty
Package: hycolor 2020-01-27 v1.10 Color options for hyperref/bookmark (HO)
)
(/usr/share/texlive/texmf-dist/tex/latex/letltxmacro/letltxmacro.sty
Package: letltxmacro 2019/12/03 v1.6 Let assignment for LaTeX macros (HO)
)
(/usr/share/texlive/texmf-dist/tex/latex/auxhook/auxhook.sty
Package: auxhook 2019-12-17 v1.6 Hooks for auxiliary files (HO)
)
(/usr/share/texlive/texmf-dist/tex/latex/kvoptions/kvoptions.sty
Package: kvoptions 2020-10-07 v3.14 Key value format for package options (HO)
)
\@linkdim=\dimen257
\Hy@linkcounter=\count294
\Hy@pagecounter=\count295

(/usr/share/texlive/texmf-dist/tex/latex/hyperref/pd1enc.def
File: pd1enc.def 2021-06-07 v7.00m Hyperref: PDFDocEncoding definition (HO)
Now handling font encoding PD1 ...
... no UTF-8 mapping file for font encoding PD1
)
(/usr/share/texlive/texmf-dist/tex/latex/hyperref/hyperref-langpatches.def
File: hyperref-langpatches.def 2021-06-07 v7.00m Hyperref: patches for babel la
nguages
)
(/usr/share/texlive/texmf-dist/tex/generic/intcalc/intcalc.sty
Package: intcalc 2019/12/15 v1.3 Expandable calculations with integers (HO)
)
(/usr/share/texlive/texmf-dist/tex/generic/etexcmds/etexcmds.sty
Package: etexcmds 2019/12/15 v1.7 Avoid name clashes with e-TeX commands (HO)
)
\Hy@SavedSpaceFactor=\count296

(/usr/share/texlive/texmf-dist/tex/latex/hyperref/puenc.def
File: puenc.def 2021-06-07 v7.00m Hyperref: PDF Unicode definition (HO)
Now handling font encoding PU ...
... no UTF-8 mapping file for font encoding PU
)
Package hyperref Info: Option `bookmarks' set `true' on input line 4073.
Package hyperref Info: Option `bookmarksopen' set `true' on input line 4073.
Package hyperref Info: Option `implicit' set `false' on input line 4073.
Package hyperref Info: Hyper figures OFF on input line 4192.
Package hyperref Info: Link nesting OFF on input line 4197.
Package hyperref Info: Hyper index ON on input line 4200.
Package hyperref Info: Plain pages OFF on input line 4207.
Package hyperref Info: Backreferencing OFF on input line 4212.
Package hyperref Info: Implicit mode OFF; no redefinition of LaTeX internals.
Package hyperref Info: Bookmarks ON on input line 4445.
\c@Hy@tempcnt=\count297

(/usr/share/texlive/texmf-dist/tex/latex/url/url.sty
\Urlmuskip=\muskip16
Package: url 2013/09/16  ver 3.4  Verb mode for urls, etc.
)
LaTeX Info: Redefining \url on input line 4804.
\XeTeXLinkMargin=\dimen258

(/usr/share/texlive/texmf-dist/tex/generic/bitset/bitset.sty
Package: bitset 2019/12/09 v1.3 Handle bit-vector datatype (HO)

(/usr/share/texlive/texmf-dist/tex/generic/bigintcalc/bigintcalc.sty
Package: bigintcalc 2019/12/15 v1.5 Expandable calculations on big integers (HO
)
))
\Fld@menulength=\count298
\Field@Width=\dimen259
\Fld@charsize=\dimen260
Package hyperref Info: Hyper figures OFF on input line 6076.
Package hyperref Info: Link nesting OFF on input line 6081.
Package hyperref Info: Hyper index ON on input line 6084.
Package hyperref Info: backreferencing OFF on input line 6091.
Package hyperref Info: Link coloring OFF on input line 6096.
Package hyperref Info: Link coloring with OCG OFF on input line 6101.
Package hyperref Info: PDF/A mode OFF on input line 6106.
LaTeX Info: Redefining \ref on input line 6146.
LaTeX Info: Redefining \pageref on input line 6150.
\Hy@abspage=\count299


Package hyperref Message: Stopped early.

)
Package hyperref Info: Driver (autodetected): hpdftex.
 (/usr/share/texlive/texmf-dist/tex/latex/hyperref/hpdftex.def
File: hpdftex.def 2021-06-07 v7.00m Hyperref driver for pdfTeX

(/usr/share/texlive/texmf-dist/tex/latex/base/atveryend-ltx.sty
Package: atveryend-ltx 2020/08/19 v1.0a Emulation of the original atveryend pac
kage
with kernel methods
)
\Fld@listcount=\count300
\c@bookmark@seq@number=\count301

(/usr/share/texlive/texmf-dist/tex/latex/rerunfilecheck/rerunfilecheck.sty
Package: rerunfilecheck 2019/12/05 v1.9 Rerun checks for auxiliary files (HO)

(/usr/share/texlive/texmf-dist/tex/generic/uniquecounter/uniquecounter.sty
Package: uniquecounter 2019/12/15 v1.4 Provide unlimited unique counter (HO)
)
Package uniquecounter Info: New unique counter `rerunfilecheck' on input line 2
86.
))
(/usr/share/texlive/texmf-dist/tex/latex/beamer/beamerbaserequires.sty
(/usr/share/texlive/texmf-dist/tex/latex/beamer/beamerbasecompatibility.sty)
(/usr/share/texlive/texmf-dist/tex/latex/beamer/beamerbasefont.sty
(/usr/share/texlive/texmf-dist/tex/latex/amsfonts/amssymb.sty
Package: amssymb 2013/01/14 v3.01 AMS font symbols

(/usr/share/texlive/texmf-dist/tex/latex/amsfonts/amsfonts.sty
Package: amsfonts 2013/01/14 v3.01 Basic AMSFonts support
\@emptytoks=\toks28
\symAMSa=\mathgroup4
\symAMSb=\mathgroup5
LaTeX Font Info:    Redeclaring math symbol \hbar on input line 98.
LaTeX Font Info:    Overwriting math alphabet `\mathfrak' in version `bold'
(Font)                  U/euf/m/n --> U/euf/b/n on input line 106.
))
(/usr/share/texlive/texmf-dist/tex/latex/sansmathaccent/sansmathaccent.sty
Package: sansmathaccent 2020/01/31

(/usr/share/texlive/texmf-dist/tex/latex/koma-script/scrlfile.sty
Package: scrlfile 2021/11/13 v3.35 KOMA-Script package (file load hooks)

(/usr/share/texlive/texmf-dist/tex/latex/koma-script/scrlfile-hook.sty
Package: scrlfile-hook 2021/11/13 v3.35 KOMA-Script package (using LaTeX hooks)


(/usr/share/texlive/texmf-dist/tex/latex/koma-script/scrlogo.sty
Package: scrlogo 2021/11/13 v3.35 KOMA-Script package (logo)
)))))
(/usr/share/texlive/texmf-dist/tex/latex/beamer/beamerbasetranslator.sty
(/usr/share/texlive/texmf-dist/tex/latex/translator/translator.sty
Package: translator 2021-05-31 v1.12d Easy translation of strings in LaTeX
))
(/usr/share/texlive/texmf-dist/tex/latex/beamer/beamerbasemisc.sty)
(/usr/share/texlive/texmf-dist/tex/latex/beamer/beamerbasetwoscreens.sty)
(/usr/share/texlive/texmf-dist/tex/latex/beamer/beamerbaseoverlay.sty
\beamer@argscount=\count302
\beamer@lastskipcover=\skip50
\beamer@trivlistdepth=\count303
)
(/usr/share/texlive/texmf-dist/tex/latex/beamer/beamerbasetitle.sty)
(/usr/share/texlive/texmf-dist/tex/latex/beamer/beamerbasesection.sty
\c@lecture=\count304
\c@part=\count305
\c@section=\count306
\c@subsection=\count307
\c@subsubsection=\count308
)
(/usr/share/texlive/texmf-dist/tex/latex/beamer/beamerbaseframe.sty
\beamer@framebox=\box65
\beamer@frametitlebox=\box66
\beamer@zoombox=\box67
\beamer@zoomcount=\count309
\beamer@zoomframecount=\count310
\beamer@frametextheight=\dimen261
\c@subsectionslide=\count311
\beamer@frametopskip=\skip51
\beamer@framebottomskip=\skip52
\beamer@frametopskipautobreak=\skip53
\beamer@framebottomskipautobreak=\skip54
\beamer@envbody=\toks29
\framewidth=\dimen262
\c@framenumber=\count312
)
(/usr/share/texlive/texmf-dist/tex/latex/beamer/beamerbaseverbatim.sty
\beamer@verbatimfileout=\write4
)
(/usr/share/texlive/texmf-dist/tex/latex/beamer/beamerbaseframesize.sty
\beamer@splitbox=\box68
\beamer@autobreakcount=\count313
\beamer@autobreaklastheight=\dimen263
\beamer@frametitletoks=\toks30
\beamer@framesubtitletoks=\toks31
)
(/usr/share/texlive/texmf-dist/tex/latex/beamer/beamerbaseframecomponents.sty
\beamer@footins=\box69
)
(/usr/share/texlive/texmf-dist/tex/latex/beamer/beamerbasecolor.sty)
(/usr/share/texlive/texmf-dist/tex/latex/beamer/beamerbasenotes.sty
\beamer@frameboxcopy=\box70
)
(/usr/share/texlive/texmf-dist/tex/latex/beamer/beamerbasetoc.sty)
(/usr/share/texlive/texmf-dist/tex/latex/beamer/beamerbasetemplates.sty
\beamer@sbttoks=\toks32

(/usr/share/texlive/texmf-dist/tex/latex/beamer/beamerbaseauxtemplates.sty
(/usr/share/texlive/texmf-dist/tex/latex/beamer/beamerbaseboxes.sty
\bmb@box=\box71
\bmb@colorbox=\box72
\bmb@boxwidth=\dimen264
\bmb@boxheight=\dimen265
\bmb@prevheight=\dimen266
\bmb@temp=\dimen267
\bmb@dima=\dimen268
\bmb@dimb=\dimen269
\bmb@prevheight=\dimen270
)
\beamer@blockheadheight=\dimen271
))
(/usr/share/texlive/texmf-dist/tex/latex/beamer/beamerbaselocalstructure.sty
(/usr/share/texlive/texmf-dist/tex/latex/tools/enumerate.sty
Package: enumerate 2015/07/23 v3.00 enumerate extensions (DPC)
\@enLab=\toks33
)
\beamer@bibiconwidth=\skip55
\c@figure=\count314
\c@table=\count315
\abovecaptionskip=\skip56
\belowcaptionskip=\skip57
)
(/usr/share/texlive/texmf-dist/tex/latex/beamer/beamerbasenavigation.sty
\beamer@section@min@dim=\dimen272
)
(/usr/share/texlive/texmf-dist/tex/latex/beamer/beamerbasetheorems.sty
(/usr/share/texlive/texmf-dist/tex/latex/amsmath/amsmath.sty
Package: amsmath 2021/10/15 v2.17l AMS math features
\@mathmargin=\skip58

For additional information on amsmath, use the `?' option.
(/usr/share/texlive/texmf-dist/tex/latex/amsmath/amstext.sty
Package: amstext 2021/08/26 v2.01 AMS text

(/usr/share/texlive/texmf-dist/tex/latex/amsmath/amsgen.sty
File: amsgen.sty 1999/11/30 v2.0 generic functions
\@emptytoks=\toks34
\ex@=\dimen273
))
(/usr/share/texlive/texmf-dist/tex/latex/amsmath/amsbsy.sty
Package: amsbsy 1999/11/29 v1.2d Bold Symbols
\pmbraise@=\dimen274
)
(/usr/share/texlive/texmf-dist/tex/latex/amsmath/amsopn.sty
Package: amsopn 2021/08/26 v2.02 operator names
)
\inf@bad=\count316
LaTeX Info: Redefining \frac on input line 234.
\uproot@=\count317
\leftroot@=\count318
LaTeX Info: Redefining \overline on input line 399.
\classnum@=\count319
\DOTSCASE@=\count320
LaTeX Info: Redefining \ldots on input line 496.
LaTeX Info: Redefining \dots on input line 499.
LaTeX Info: Redefining \cdots on input line 620.
\Mathstrutbox@=\box73
\strutbox@=\box74
\big@size=\dimen275
LaTeX Font Info:    Redeclaring font encoding OML on input line 743.
LaTeX Font Info:    Redeclaring font encoding OMS on input line 744.
\macc@depth=\count321
\c@MaxMatrixCols=\count322
\dotsspace@=\muskip17
\c@parentequation=\count323
\dspbrk@lvl=\count324
\tag@help=\toks35
\row@=\count325
\column@=\count326
\maxfields@=\count327
\andhelp@=\toks36
\eqnshift@=\dimen276
\alignsep@=\dimen277
\tagshift@=\dimen278
\tagwidth@=\dimen279
\totwidth@=\dimen280
\lineht@=\dimen281
\@envbody=\toks37
\multlinegap=\skip59
\multlinetaggap=\skip60
\mathdisplay@stack=\toks38
LaTeX Info: Redefining \[ on input line 2938.
LaTeX Info: Redefining \] on input line 2939.
)
(/usr/share/texlive/texmf-dist/tex/latex/amscls/amsthm.sty
Package: amsthm 2020/05/29 v2.20.6
\thm@style=\toks39
\thm@bodyfont=\toks40
\thm@headfont=\toks41
\thm@notefont=\toks42
\thm@headpunct=\toks43
\thm@preskip=\skip61
\thm@postskip=\skip62
\thm@headsep=\skip63
\dth@everypar=\toks44
)
\c@theorem=\count328
)
(/usr/share/texlive/texmf-dist/tex/latex/beamer/beamerbasethemes.sty))
(/usr/share/texlive/texmf-dist/tex/latex/beamer/beamerthemedefault.sty
(/usr/share/texlive/texmf-dist/tex/latex/beamer/beamerfontthemedefault.sty)
(/usr/share/texlive/texmf-dist/tex/latex/beamer/beamercolorthemedefault.sty)
(/usr/share/texlive/texmf-dist/tex/latex/beamer/beamerinnerthemedefault.sty
\beamer@dima=\dimen282
\beamer@dimb=\dimen283
)
(/usr/share/texlive/texmf-dist/tex/latex/beamer/beamerouterthemedefault.sty)))
(./beamerthemeGRVC.sty
Package: beamerthemeGRVC 2025/12/21 GRVC Beamer theme

(/usr/share/texlive/texmf-dist/tex/latex/pgf/frontendlayer/tikz.sty
(/usr/share/texlive/texmf-dist/tex/latex/pgf/basiclayer/pgf.sty
Package: pgf 2021/05/15 v3.1.9a (3.1.9a)

(/usr/share/texlive/texmf-dist/tex/generic/pgf/modules/pgfmoduleshapes.code.tex
File: pgfmoduleshapes.code.tex 2021/05/15 v3.1.9a (3.1.9a)
\pgfnodeparttextbox=\box75
) (/usr/share/texlive/texmf-dist/tex/generic/pgf/modules/pgfmoduleplot.code.tex
File: pgfmoduleplot.code.tex 2021/05/15 v3.1.9a (3.1.9a)
)
(/usr/share/texlive/texmf-dist/tex/latex/pgf/compatibility/pgfcomp-version-0-65
.sty
Package: pgfcomp-version-0-65 2021/05/15 v3.1.9a (3.1.9a)
\pgf@nodesepstart=\dimen284
\pgf@nodesepend=\dimen285
)
(/usr/share/texlive/texmf-dist/tex/latex/pgf/compatibility/pgfcomp-version-1-18
.sty
Package: pgfcomp-version-1-18 2021/05/15 v3.1.9a (3.1.9a)
)) (/usr/share/texlive/texmf-dist/tex/latex/pgf/utilities/pgffor.sty
(/usr/share/texlive/texmf-dist/tex/latex/pgf/utilities/pgfkeys.sty
(/usr/share/texlive/texmf-dist/tex/generic/pgf/utilities/pgfkeys.code.tex))
(/usr/share/texlive/texmf-dist/tex/latex/pgf/math/pgfmath.sty
(/usr/share/texlive/texmf-dist/tex/generic/pgf/math/pgfmath.code.tex))
(/usr/share/texlive/texmf-dist/tex/generic/pgf/utilities/pgffor.code.tex
Package: pgffor 2021/05/15 v3.1.9a (3.1.9a)

(/usr/share/texlive/texmf-dist/tex/generic/pgf/math/pgfmath.code.tex)
\pgffor@iter=\dimen286
\pgffor@skip=\dimen287
\pgffor@stack=\toks45
\pgffor@toks=\toks46
))
(/usr/share/texlive/texmf-dist/tex/generic/pgf/frontendlayer/tikz/tikz.code.tex
Package: tikz 2021/05/15 v3.1.9a (3.1.9a)

(/usr/share/texlive/texmf-dist/tex/generic/pgf/libraries/pgflibraryplothandlers
.code.tex
File: pgflibraryplothandlers.code.tex 2021/05/15 v3.1.9a (3.1.9a)
\pgf@plot@mark@count=\count329
\pgfplotmarksize=\dimen288
)
\tikz@lastx=\dimen289
\tikz@lasty=\dimen290
\tikz@lastxsaved=\dimen291
\tikz@lastysaved=\dimen292
\tikz@lastmovetox=\dimen293
\tikz@lastmovetoy=\dimen294
\tikzleveldistance=\dimen295
\tikzsiblingdistance=\dimen296
\tikz@figbox=\box76
\tikz@figbox@bg=\box77
\tikz@tempbox=\box78
\tikz@tempbox@bg=\box79
\tikztreelevel=\count330
\tikznumberofchildren=\count331
\tikznumberofcurrentchild=\count332
\tikz@fig@count=\count333

(/usr/share/texlive/texmf-dist/tex/generic/pgf/modules/pgfmodulematrix.code.tex
File: pgfmodulematrix.code.tex 2021/05/15 v3.1.9a (3.1.9a)
\pgfmatrixcurrentrow=\count334
\pgfmatrixcurrentcolumn=\count335
\pgf@matrix@numberofcolumns=\count336
)
\tikz@expandcount=\count337

(/usr/share/texlive/texmf-dist/tex/generic/pgf/frontendlayer/tikz/libraries/tik
zlibrarytopaths.code.tex
File: tikzlibrarytopaths.code.tex 2021/05/15 v3.1.9a (3.1.9a)
)))
(/usr/share/texlive/texmf-dist/tex/latex/base/textcomp.sty
Package: textcomp 2020/02/02 v2.0n Standard LaTeX package
)
(/usr/share/texlive/texmf-dist/tex/latex/microtype/microtype.sty
Package: microtype 2021/12/10 v3.0b Micro-typographical refinements (RS)
\MT@toks=\toks47
\MT@count=\count338
\MT@tempbox=\box80
LaTeX Info: Redefining \leftprotrusion on input line 1010.
LaTeX Info: Redefining \rightprotrusion on input line 1018.
LaTeX Info: Redefining \textls on input line 1173.
\MT@outer@kern=\dimen297
LaTeX Info: Redefining \textmicrotypecontext on input line 1759.
\MT@listname@count=\count339

(/usr/share/texlive/texmf-dist/tex/latex/microtype/microtype-pdftex.def
File: microtype-pdftex.def 2021/12/10 v3.0b Definitions specific to pdftex (RS)

LaTeX Info: Redefining \lsstyle on input line 897.
LaTeX Info: Redefining \lslig on input line 897.
\MT@outer@space=\skip64
)
Package microtype Info: Loading configuration file microtype.cfg.

(/usr/share/texlive/texmf-dist/tex/latex/microtype/microtype.cfg
File: microtype.cfg 2021/12/10 v3.0b microtype main configuration file (RS)
))
(/usr/share/texlive/texmf-dist/tex/latex/psnfss/helvet.sty
Package: helvet 2020/03/25 PSNFSS-v9.3 (WaS) 
)
\GRVCfootheight=\skip65
\GRVCfootYMid=\skip66
\GRVCfootYLow=\skip67
\GRVCtitlebandheight=\skip68
)
(/usr/share/texlive/texmf-dist/tex/generic/pgf/frontendlayer/tikz/libraries/tik
zlibrarycalc.code.tex
File: tikzlibrarycalc.code.tex 2021/05/15 v3.1.9a (3.1.9a)
)
LaTeX Font Info:    Trying to load font information for OT1+phv on input line 3
6.

(/usr/share/texlive/texmf-dist/tex/latex/psnfss/ot1phv.fd
File: ot1phv.fd 2020/03/25 scalable font definitions for OT1/phv.
)
LaTeX Font Info:    Font shape `OT1/phv/m/n' will be
(Font)              scaled to size 10.95pt on input line 36.

(/usr/share/texlive/texmf-dist/tex/latex/l3backend/l3backend-pdftex.def
File: l3backend-pdftex.def 2022-01-12 L3 backend support: PDF output (pdfTeX)
\l__color_backend_stack_int=\count340
\l__pdf_internal_box=\box81
)
(./main.aux)
\openout1 = `main.aux'.

LaTeX Font Info:    Checking defaults for OML/cmm/m/it on input line 36.
LaTeX Font Info:    ... okay on input line 36.
LaTeX Font Info:    Checking defaults for OMS/cmsy/m/n on input line 36.
LaTeX Font Info:    ... okay on input line 36.
LaTeX Font Info:    Checking defaults for OT1/cmr/m/n on input line 36.
LaTeX Font Info:    ... okay on input line 36.
LaTeX Font Info:    Checking defaults for T1/cmr/m/n on input line 36.
LaTeX Font Info:    ... okay on input line 36.
LaTeX Font Info:    Checking defaults for TS1/cmr/m/n on input line 36.
LaTeX Font Info:    ... okay on input line 36.
LaTeX Font Info:    Checking defaults for OMX/cmex/m/n on input line 36.
LaTeX Font Info:    ... okay on input line 36.
LaTeX Font Info:    Checking defaults for U/cmr/m/n on input line 36.
LaTeX Font Info:    ... okay on input line 36.
LaTeX Font Info:    Checking defaults for PD1/pdf/m/n on input line 36.
LaTeX Font Info:    ... okay on input line 36.
LaTeX Font Info:    Checking defaults for PU/pdf/m/n on input line 36.
LaTeX Font Info:    ... okay on input line 36.

*geometry* driver: auto-detecting
*geometry* detected driver: pdftex
*geometry* verbose mode - [ preamble ] result:
* driver: pdftex
* paper: custom
* layout: <same size as paper>
* layoutoffset:(h,v)=(0.0pt,0.0pt)
* modes: includehead includefoot 
* h-part:(L,W,R)=(27.31352pt, 409.72386pt, 18.2067pt)
* v-part:(T,H,B)=(0.0pt, 256.0748pt, 0.0pt)
* \paperwidth=455.24408pt
* \paperheight=256.0748pt
* \textwidth=409.72386pt
* \textheight=227.62207pt
* \oddsidemargin=-44.95647pt
* \evensidemargin=-44.95647pt
* \topmargin=-72.26999pt
* \headheight=14.22636pt
* \headsep=0.0pt
* \topskip=11.0pt
* \footskip=14.22636pt
* \marginparwidth=4.0pt
* \marginparsep=10.0pt
* \columnsep=10.0pt
* \skip\footins=10.0pt plus 4.0pt minus 2.0pt
* \hoffset=0.0pt
* \voffset=0.0pt
* \mag=1000
* \@twocolumnfalse
* \@twosidefalse
* \@mparswitchfalse
* \@reversemarginfalse
* (1in=72.27pt=25.4mm, 1cm=28.453pt)

(/usr/share/texlive/texmf-dist/tex/context/base/mkii/supp-pdf.mkii
[Loading MPS to PDF converter (version 2006.09.02).]
\scratchcounter=\count341
\scratchdimen=\dimen298
\scratchbox=\box82
\nofMPsegments=\count342
\nofMParguments=\count343
\everyMPshowfont=\toks48
\MPscratchCnt=\count344
\MPscratchDim=\dimen299
\MPnumerator=\count345
\makeMPintoPDFobject=\count346
\everyMPtoPDFconversion=\toks49
) (/usr/share/texlive/texmf-dist/tex/latex/epstopdf-pkg/epstopdf-base.sty
Package: epstopdf-base 2020-01-24 v2.11 Base part for package epstopdf
Package epstopdf-base Info: Redefining graphics rule for `.eps' on input line 4
85.

(/usr/share/texlive/texmf-dist/tex/latex/latexconfig/epstopdf-sys.cfg
File: epstopdf-sys.cfg 2010/07/13 v1.3 Configuration of (r)epstopdf for TeX Liv
e
))
Package hyperref Info: Link coloring OFF on input line 36.

(/usr/share/texlive/texmf-dist/tex/latex/hyperref/nameref.sty
Package: nameref 2021-04-02 v2.47 Cross-referencing by name of section

(/usr/share/texlive/texmf-dist/tex/latex/refcount/refcount.sty
Package: refcount 2019/12/15 v3.6 Data extraction from label references (HO)
)
(/usr/share/texlive/texmf-dist/tex/generic/gettitlestring/gettitlestring.sty
Package: gettitlestring 2019/12/15 v1.6 Cleanup title references (HO)
)
\c@section@level=\count347
)
LaTeX Info: Redefining \ref on input line 36.
LaTeX Info: Redefining \pageref on input line 36.
LaTeX Info: Redefining \nameref on input line 36.

(./main.out) (./main.out)
\@outlinefile=\write5
\openout5 = `main.out'.

LaTeX Font Info:    Overwriting symbol font `operators' in version `normal'
(Font)                  OT1/cmr/m/n --> OT1/cmss/m/n on input line 36.
LaTeX Font Info:    Overwriting symbol font `operators' in version `bold'
(Font)                  OT1/cmr/bx/n --> OT1/cmss/b/n on input line 36.
\symnumbers=\mathgroup6
\sympureletters=\mathgroup7
LaTeX Font Info:    Overwriting math alphabet `\mathrm' in version `normal'
(Font)                  OT1/cmss/m/n --> OT1/cmr/m/n on input line 36.
LaTeX Font Info:    Redeclaring math alphabet \mathbf on input line 36.
LaTeX Font Info:    Overwriting math alphabet `\mathbf' in version `normal'
(Font)                  OT1/cmr/bx/n --> OT1/phv/b/n on input line 36.
LaTeX Font Info:    Overwriting math alphabet `\mathbf' in version `bold'
(Font)                  OT1/cmr/bx/n --> OT1/phv/b/n on input line 36.
LaTeX Font Info:    Redeclaring math alphabet \mathsf on input line 36.
LaTeX Font Info:    Overwriting math alphabet `\mathsf' in version `normal'
(Font)                  OT1/cmss/m/n --> OT1/phv/m/n on input line 36.
LaTeX Font Info:    Overwriting math alphabet `\mathsf' in version `bold'
(Font)                  OT1/cmss/bx/n --> OT1/phv/m/n on input line 36.
LaTeX Font Info:    Redeclaring math alphabet \mathit on input line 36.
LaTeX Font Info:    Overwriting math alphabet `\mathit' in version `normal'
(Font)                  OT1/cmr/m/it --> OT1/phv/m/it on input line 36.
LaTeX Font Info:    Overwriting math alphabet `\mathit' in version `bold'
(Font)                  OT1/cmr/bx/it --> OT1/phv/m/it on input line 36.
LaTeX Font Info:    Redeclaring math alphabet \mathtt on input line 36.
LaTeX Font Info:    Overwriting math alphabet `\mathtt' in version `normal'
(Font)                  OT1/cmtt/m/n --> OT1/cmtt/m/n on input line 36.
LaTeX Font Info:    Overwriting math alphabet `\mathtt' in version `bold'
(Font)                  OT1/cmtt/m/n --> OT1/cmtt/m/n on input line 36.
LaTeX Font Info:    Overwriting symbol font `numbers' in version `bold'
(Font)                  OT1/phv/m/n --> OT1/phv/b/n on input line 36.
LaTeX Font Info:    Overwriting symbol font `pureletters' in version `bold'
(Font)                  OT1/phv/m/it --> OT1/phv/b/it on input line 36.
LaTeX Font Info:    Overwriting math alphabet `\mathrm' in version `bold'
(Font)                  OT1/cmss/b/n --> OT1/cmr/b/n on input line 36.
LaTeX Font Info:    Overwriting math alphabet `\mathbf' in version `bold'
(Font)                  OT1/phv/b/n --> OT1/phv/b/n on input line 36.
LaTeX Font Info:    Overwriting math alphabet `\mathsf' in version `bold'
(Font)                  OT1/phv/m/n --> OT1/phv/b/n on input line 36.
LaTeX Font Info:    Overwriting math alphabet `\mathit' in version `bold'
(Font)                  OT1/phv/m/it --> OT1/phv/b/it on input line 36.
LaTeX Font Info:    Overwriting math alphabet `\mathtt' in version `bold'
(Font)                  OT1/cmtt/m/n --> OT1/cmtt/b/n on input line 36.

(/usr/share/texlive/texmf-dist/tex/latex/translator/translator-basic-dictionary
-English.dict
Dictionary: translator-basic-dictionary, Language: English 
)
(/usr/share/texlive/texmf-dist/tex/latex/translator/translator-bibliography-dic
tionary-English.dict
Dictionary: translator-bibliography-dictionary, Language: English 
)
(/usr/share/texlive/texmf-dist/tex/latex/translator/translator-environment-dict
ionary-English.dict
Dictionary: translator-environment-dictionary, Language: English 
)
(/usr/share/texlive/texmf-dist/tex/latex/translator/translator-months-dictionar
y-English.dict
Dictionary: translator-months-dictionary, Language: English 
)
(/usr/share/texlive/texmf-dist/tex/latex/translator/translator-numbers-dictiona
ry-English.dict
Dictionary: translator-numbers-dictionary, Language: English 
)
(/usr/share/texlive/texmf-dist/tex/latex/translator/translator-theorem-dictiona
ry-English.dict
Dictionary: translator-theorem-dictionary, Language: English 
)
LaTeX Info: Redefining \microtypecontext on input line 36.
Package microtype Info: Applying patch `item' on input line 36.
Package microtype Info: Applying patch `toc' on input line 36.
Package microtype Info: Applying patch `eqnum' on input line 36.


Package microtype Warning: Unable to apply patch `footnote' on input line 36.

Package microtype Info: Generating PDF output.
Package microtype Info: Character protrusion enabled (level 2).
Package microtype Info: Using default protrusion set `alltext'.
Package microtype Info: Automatic font expansion enabled (level 2),
(microtype)             stretch: 20, shrink: 20, step: 1, non-selected.
Package microtype Info: Using default expansion set `alltext-nott'.
LaTeX Info: Redefining \showhyphens on input line 36.
Package microtype Info: No adjustment of tracking.
Package microtype Info: No adjustment of interword spacing.
Package microtype Info: No adjustment of character kerning.
Package microtype Info: Loading generic protrusion settings for font family
(microtype)             `phv' (encoding: OT1).
(microtype)             For optimal results, create family-specific settings.
(microtype)             See the microtype manual for details.
(./main.nav)
LaTeX Font Info:    Font shape `OT1/phv/m/n' will be
(Font)              scaled to size 6.0pt on input line 36.
LaTeX Font Info:    Font shape `OT1/phv/b/n' will be
(Font)              scaled to size 6.0pt on input line 36.
LaTeX Font Info:    Font shape `OT1/phv/b/n' will be
(Font)              scaled to size 8.0pt on input line 36.
<assets/swoosh_light.png, id=13, 197.73875pt x 62.2325pt>
File: assets/swoosh_light.png Graphic file (type png)
<use assets/swoosh_light.png>
Package pdftex.def Info: assets/swoosh_light.png  used on input line 36.
(pdftex.def)             Requested size: 17.08665pt x 5.37817pt.
LaTeX Font Info:    Font shape `OT1/phv/m/n' will be
(Font)              scaled to size 4.0pt on input line 36.
<assets/use_seal_white.png, id=15, 39.9894pt x 39.9894pt>
File: assets/use_seal_white.png Graphic file (type png)
<use assets/use_seal_white.png>
Package pdftex.def Info: assets/use_seal_white.png  used on input line 36.
(pdftex.def)             Requested size: 13.98306pt x 13.98311pt.
LaTeX Font Info:    Font shape `OT1/phv/m/n' will be
(Font)              scaled to size 10.0pt on input line 39.
LaTeX Font Info:    Font shape `OT1/phv/b/n' will be
(Font)              scaled to size 10.95pt on input line 41.
LaTeX Font Info:    Font shape `OT1/phv/b/n' will be
(Font)              scaled to size 18.0pt on input line 41.
LaTeX Font Info:    Font shape `OT1/phv/m/n' will be
(Font)              scaled to size 12.0pt on input line 41.
<assets/grvc_logo.png, id=16, 197.17665pt x 171.64125pt>
File: assets/grvc_logo.png Graphic file (type png)
<use assets/grvc_logo.png>
Package pdftex.def Info: assets/grvc_logo.png  used on input line 41.
(pdftex.def)             Requested size: 55.89204pt x 48.65483pt.
File: assets/use_seal_white.png Graphic file (type png)
<use assets/use_seal_white.png>
Package pdftex.def Info: assets/use_seal_white.png  used on input line 41.
(pdftex.def)             Requested size: 34.56898pt x 34.56868pt.
<assets/background.png, id=17, 1445.4pt x 732.7375pt>
File: assets/background.png Graphic file (type png)
<use assets/background.png>
Package pdftex.def Info: assets/background.png  used on input line 41.
(pdftex.def)             Requested size: 455.23724pt x 256.07065pt.
 [1

{/var/lib/texmf/fonts/map/pdftex/updmap/pdftex.map} <./assets/background.png> <
./assets/grvc_logo.png> <./assets/use_seal_white.png>]
<assets/tema_logo.png, id=28, 97.0827pt x 56.49104pt>
File: assets/tema_logo.png Graphic file (type png)
<use assets/tema_logo.png>
Package pdftex.def Info: assets/tema_logo.png  used on input line 45.
(pdftex.def)             Requested size: 79.21426pt x 46.09158pt.
LaTeX Font Info:    Font shape `OT1/phv/b/n' will be
(Font)              scaled to size 12.0pt on input line 45.
File: assets/background.png Graphic file (type png)
<use assets/background.png>
Package pdftex.def Info: assets/background.png  used on input line 45.
(pdftex.def)             Requested size: 455.23724pt x 256.07065pt.
 [2

 <./assets/tema_logo.png>]
Package microtype Info: Loading generic protrusion settings for font family
(microtype)             `cmss' (encoding: OT1).
(microtype)             For optimal results, create family-specific settings.
(microtype)             See the microtype manual for details.
LaTeX Font Info:    Trying to load font information for U+msa on input line 120
.
 (/usr/share/texlive/texmf-dist/tex/latex/amsfonts/umsa.fd
File: umsa.fd 2013/01/14 v3.01 AMS symbols A
)
(/usr/share/texlive/texmf-dist/tex/latex/microtype/mt-msa.cfg
File: mt-msa.cfg 2006/02/04 v1.1 microtype config. file: AMS symbols (a) (RS)
)
LaTeX Font Info:    Trying to load font information for U+msb on input line 120
.

(/usr/share/texlive/texmf-dist/tex/latex/amsfonts/umsb.fd
File: umsb.fd 2013/01/14 v3.01 AMS symbols B
)
(/usr/share/texlive/texmf-dist/tex/latex/microtype/mt-msb.cfg
File: mt-msb.cfg 2005/06/01 v1.0 microtype config. file: AMS symbols (b) (RS)
)
LaTeX Font Info:    Font shape `OT1/phv/m/n' will be
(Font)              scaled to size 8.0pt on input line 120.
LaTeX Font Info:    Font shape `OT1/phv/m/it' in size <10.95> not available
(Font)              Font shape `OT1/phv/m/sl' tried instead on input line 120.
LaTeX Font Info:    Font shape `OT1/phv/m/sl' will be
(Font)              scaled to size 10.95pt on input line 120.
LaTeX Font Info:    Font shape `OT1/phv/m/it' in size <8> not available
(Font)              Font shape `OT1/phv/m/sl' tried instead on input line 120.
LaTeX Font Info:    Font shape `OT1/phv/m/sl' will be
(Font)              scaled to size 8.0pt on input line 120.
LaTeX Font Info:    Font shape `OT1/phv/m/it' in size <6> not available
(Font)              Font shape `OT1/phv/m/sl' tried instead on input line 120.
LaTeX Font Info:    Font shape `OT1/phv/m/sl' will be
(Font)              scaled to size 6.0pt on input line 120.
<assets/partners/auth.png, id=35, 223.83624pt x 73.27374pt>
File: assets/partners/auth.png Graphic file (type png)
<use assets/partners/auth.png>
Package pdftex.def Info: assets/partners/auth.png  used on input line 120.
(pdftex.def)             Requested size: 26.22049pt x 8.58337pt.
<assets/partners/atos.png, id=36, 228.855pt x 75.28125pt>
File: assets/partners/atos.png Graphic file (type png)
<use assets/partners/atos.png>
Package pdftex.def Info: assets/partners/atos.png  used on input line 120.
(pdftex.def)             Requested size: 26.22173pt x 8.62556pt.
<assets/partners/brk.png, id=37, 227.85126pt x 65.24374pt>
File: assets/partners/brk.png Graphic file (type png)
<use assets/partners/brk.png>
Package pdftex.def Info: assets/partners/brk.png  used on input line 120.
(pdftex.def)             Requested size: 26.22145pt x 7.50835pt.
<assets/partners/dmalian.png, id=38, 280.04625pt x 279.0425pt>
File: assets/partners/dmalian.png Graphic file (type png)
<use assets/partners/dmalian.png>
Package pdftex.def Info: assets/partners/dmalian.png  used on input line 120.
(pdftex.def)             Requested size: 26.22008pt x 26.1261pt.
<assets/partners/engineering.png, id=39, 154.5775pt x 98.3675pt>
File: assets/partners/engineering.png Graphic file (type png)
<use assets/partners/engineering.png>
Package pdftex.def Info: assets/partners/engineering.png  used on input line 12
0.
(pdftex.def)             Requested size: 26.2212pt x 16.68622pt.
<assets/partners/fraunhofer_hhi.png, id=40, 243.91125pt x 66.2475pt>
File: assets/partners/fraunhofer_hhi.png Graphic file (type png)
<use assets/partners/fraunhofer_hhi.png>
Package pdftex.def Info: assets/partners/fraunhofer_hhi.png  used on input line
 120.
(pdftex.def)             Requested size: 26.21994pt x 7.12146pt.
<assets/partners/dlr.png, id=41, 320.19624pt x 130.4875pt>
File: assets/partners/dlr.png Graphic file (type png)
<use assets/partners/dlr.png>
Package pdftex.def Info: assets/partners/dlr.png  used on input line 120.
(pdftex.def)             Requested size: 26.22205pt x 10.6861pt.
<assets/partners/itu.png, id=42, 1204.5pt x 303.1325pt>
File: assets/partners/itu.png Graphic file (type png)
<use assets/partners/itu.png>
Package pdftex.def Info: assets/partners/itu.png  used on input line 120.
(pdftex.def)             Requested size: 26.20868pt x 6.59584pt.
<assets/partners/kamk.png, id=43, 286.06876pt x 286.06876pt>
File: assets/partners/kamk.png Graphic file (type png)
<use assets/partners/kamk.png>
Package pdftex.def Info: assets/partners/kamk.png  used on input line 120.
(pdftex.def)             Requested size: 26.22086pt x 26.22086pt.
<assets/partners/kaj.png, id=44, 156.585pt x 159.59625pt>
File: assets/partners/kaj.png Graphic file (type png)
<use assets/partners/kaj.png>
Package pdftex.def Info: assets/partners/kaj.png  used on input line 120.
(pdftex.def)             Requested size: 26.22247pt x 26.72675pt.
<assets/partners/kemea.png, id=45, 190.7125pt x 126.4725pt>
File: assets/partners/kemea.png Graphic file (type png)
<use assets/partners/kemea.png>
Package pdftex.def Info: assets/partners/kemea.png  used on input line 120.
(pdftex.def)             Requested size: 26.22232pt x 17.38953pt.
<assets/partners/latitudo40.png, id=46, 482.80376pt x 90.3375pt>
File: assets/partners/latitudo40.png Graphic file (type png)
<use assets/partners/latitudo40.png>
Package pdftex.def Info: assets/partners/latitudo40.png  used on input line 120
.
(pdftex.def)             Requested size: 26.21909pt x 4.90585pt.
<assets/partners/nelen_schuurmans.png, id=47, 232.87pt x 124.465pt>
File: assets/partners/nelen_schuurmans.png Graphic file (type png)
<use assets/partners/nelen_schuurmans.png>
Package pdftex.def Info: assets/partners/nelen_schuurmans.png  used on input li
ne 120.
(pdftex.def)             Requested size: 26.21983pt x 14.01404pt.
<assets/partners/northdocks.png, id=48, 374.39874pt x 202.7575pt>
File: assets/partners/northdocks.png Graphic file (type png)
<use assets/partners/northdocks.png>
Package pdftex.def Info: assets/partners/northdocks.png  used on input line 120
.
(pdftex.def)             Requested size: 26.22202pt x 14.20065pt.
<assets/partners/plus.png, id=49, 476.78125pt x 238.8925pt>
File: assets/partners/plus.png Graphic file (type png)
<use assets/partners/plus.png>
Package pdftex.def Info: assets/partners/plus.png  used on input line 120.
(pdftex.def)             Requested size: 26.2194pt x 13.1373pt.
<assets/partners/ras.png, id=50, 446.66875pt x 192.72pt>
File: assets/partners/ras.png Graphic file (type png)
<use assets/partners/ras.png>
Package pdftex.def Info: assets/partners/ras.png  used on input line 120.
(pdftex.def)             Requested size: 26.21964pt x 11.31273pt.
<assets/partners/tecnosylva.png, id=51, 239.89626pt x 53.19875pt>
File: assets/partners/tecnosylva.png Graphic file (type png)
<use assets/partners/tecnosylva.png>
Package pdftex.def Info: assets/partners/tecnosylva.png  used on input line 120
.
(pdftex.def)             Requested size: 26.22028pt x 5.81453pt.
<assets/partners/lisbon_council.png, id=52, 337.26pt x 60.225pt>
File: assets/partners/lisbon_council.png Graphic file (type png)
<use assets/partners/lisbon_council.png>
Package pdftex.def Info: assets/partners/lisbon_council.png  used on input line
 120.
(pdftex.def)             Requested size: 26.21971pt x 4.68208pt.
<assets/partners/use.png, id=53, 358.33875pt x 358.33875pt>
File: assets/partners/use.png Graphic file (type png)
<use assets/partners/use.png>
Package pdftex.def Info: assets/partners/use.png  used on input line 120.
(pdftex.def)             Requested size: 26.21811pt x 26.21811pt.
<assets/partners/unime.png, id=54, 243.91125pt x 89.33376pt>
File: assets/partners/unime.png Graphic file (type png)
<use assets/partners/unime.png>
Package pdftex.def Info: assets/partners/unime.png  used on input line 120.
(pdftex.def)             Requested size: 26.21994pt x 9.60318pt.
LaTeX Font Info:    Trying to load font information for TS1+phv on input line 1
20.

(/usr/share/texlive/texmf-dist/tex/latex/psnfss/ts1phv.fd
File: ts1phv.fd 2020/03/25 scalable font definitions for TS1/phv.
)
LaTeX Font Info:    Font shape `TS1/phv/m/n' will be
(Font)              scaled to size 10.95pt on input line 120.
Package microtype Info: Loading generic protrusion settings for font family
(microtype)             `phv' (encoding: TS1).
(microtype)             For optimal results, create family-specific settings.
(microtype)             See the microtype manual for details.
LaTeX Font Info:    Font shape `OT1/phv/m/n' will be
(Font)              scaled to size 9.0pt on input line 120.
LaTeX Font Info:    Font shape `OT1/phv/b/n' will be
(Font)              scaled to size 9.0pt on input line 120.
LaTeX Font Info:    Font shape `OT1/phv/m/n' will be
(Font)              scaled to size 5.0pt on input line 120.
LaTeX Font Info:    Font shape `OT1/phv/m/it' in size <5> not available
(Font)              Font shape `OT1/phv/m/sl' tried instead on input line 120.
LaTeX Font Info:    Font shape `OT1/phv/m/sl' will be
(Font)              scaled to size 5.0pt on input line 120.
LaTeX Font Info:    Font shape `OT1/phv/m/n' will be
(Font)              scaled to size 14.4pt on input line 120.
<assets/tema_logo.pdf, id=55, 97.11281pt x 56.46094pt>
File: assets/tema_logo.pdf Graphic file (type pdf)
<use assets/tema_logo.pdf>
Package pdftex.def Info: assets/tema_logo.pdf  used on input line 120.
(pdftex.def)             Requested size: 31.7154pt x 18.43896pt.
LaTeX Font Info:    Font shape `OT1/phv/m/n' will be
(Font)              scaled to size 7.0pt on input line 120.
LaTeX Font Info:    Font shape `OT1/phv/m/it' in size <14.4> not available
(Font)              Font shape `OT1/phv/m/sl' tried instead on input line 120.
LaTeX Font Info:    Font shape `OT1/phv/m/sl' will be
(Font)              scaled to size 14.4pt on input line 120.
LaTeX Font Info:    Font shape `OT1/phv/m/it' in size <10> not available
(Font)              Font shape `OT1/phv/m/sl' tried instead on input line 120.
LaTeX Font Info:    Font shape `OT1/phv/m/sl' will be
(Font)              scaled to size 10.0pt on input line 120.
LaTeX Font Info:    Font shape `OT1/phv/m/it' in size <7> not available
(Font)              Font shape `OT1/phv/m/sl' tried instead on input line 120.
LaTeX Font Info:    Font shape `OT1/phv/m/sl' will be
(Font)              scaled to size 7.0pt on input line 120.
LaTeX Font Info:    Font shape `OT1/phv/b/n' will be
(Font)              scaled to size 14.4pt on input line 120.

Overfull \hbox (54.62701pt too wide) in paragraph at lines 120--120
 []$[]$ $[]$  
 []

File: assets/background.png Graphic file (type png)
<use assets/background.png>
Package pdftex.def Info: assets/background.png  used on input line 120.
(pdftex.def)             Requested size: 455.23724pt x 256.07065pt.
File: assets/swoosh_light.png Graphic file (type png)
<use assets/swoosh_light.png>
Package pdftex.def Info: assets/swoosh_light.png  used on input line 120.
(pdftex.def)             Requested size: 17.08665pt x 5.37817pt.
File: assets/use_seal_white.png Graphic file (type png)
<use assets/use_seal_white.png>
Package pdftex.def Info: assets/use_seal_white.png  used on input line 120.
(pdftex.def)             Requested size: 13.98306pt x 13.98311pt.
[3

 <./assets/tema_logo.pdf> <./assets/partners/auth.png> <./assets/partners/atos.
png> <./assets/partners/brk.png> <./assets/partners/dmalian.png> <./assets/part
ners/engineering.png> <./assets/partners/fraunhofer_hhi.png> <./assets/partners
/dlr.png> <./assets/partners/itu.png> <./assets/partners/kamk.png> <./assets/pa
rtners/kaj.png> <./assets/partners/kemea.png> <./assets/partners/latitudo40.png
> <./assets/partners/nelen_schuurmans.png> <./assets/partners/northdocks.png> <
./assets/partners/plus.png> <./assets/partners/ras.png> <./assets/partners/tecn
osylva.png> <./assets/partners/lisbon_council.png> <./assets/partners/use.png> 
<./assets/partners/unime.png> <./assets/swoosh_light.png>]
Underfull \hbox (badness 1838) in paragraph at lines 190--190
[]\OT1/phv/m/n/6 (+20) Concept dis-cov-ery for la-tent space in-ter-
 []


Underfull \hbox (badness 10000) in paragraph at lines 190--190
[]\OT1/phv/m/n/6 (+20) Human-comprehensible pre-sen-ta-tion of
 []


Underfull \hbox (badness 4378) in paragraph at lines 190--190
[]\OT1/phv/m/n/6 (+20) Data scarcity, syn-thetic data gen-er-a-tion
 []


Overfull \hbox (0.72404pt too wide) in paragraph at lines 190--190
[][]  
 []


Underfull \hbox (badness 1389) in paragraph at lines 190--190
\OT1/phv/m/n/6 (+20) sion sup-port and pro-
 []


Overfull \hbox (1.62314pt too wide) in paragraph at lines 190--190
[][]  
 []


Underfull \hbox (badness 10000) in paragraph at lines 190--190
[][]\OT1/phv/b/n/6 (+20) Drone-based im-
 []


Underfull \hbox (badness 10000) in paragraph at lines 190--190
\OT1/phv/b/n/6 (+20) age and data
 []


Underfull \hbox (badness 7064) in paragraph at lines 190--190
\OT1/phv/m/n/6 (+20) (SfM)/ Pho-togram-
 []


Underfull \hbox (badness 10000) in paragraph at lines 190--190
[]\OT1/phv/m/n/6 (+20) Extended Reality-
 []


Underfull \hbox (badness 10000) in paragraph at lines 190--190
\OT1/phv/m/n/6 (+20) based in-ter-ac-tive
 []


Overfull \hbox (2.03284pt too wide) in paragraph at lines 190--190
[][]  
 []

File: assets/tema_logo.pdf Graphic file (type pdf)
<use assets/tema_logo.pdf>
Package pdftex.def Info: assets/tema_logo.pdf  used on input line 190.
(pdftex.def)             Requested size: 31.7154pt x 18.43896pt.

Overfull \hbox (54.62701pt too wide) in paragraph at lines 190--190
 []$[]$ $[]$  
 []

File: assets/background.png Graphic file (type png)
<use assets/background.png>
Package pdftex.def Info: assets/background.png  used on input line 190.
(pdftex.def)             Requested size: 455.23724pt x 256.07065pt.
File: assets/swoosh_light.png Graphic file (type png)
<use assets/swoosh_light.png>
Package pdftex.def Info: assets/swoosh_light.png  used on input line 190.
(pdftex.def)             Requested size: 17.08665pt x 5.37817pt.
File: assets/use_seal_white.png Graphic file (type png)
<use assets/use_seal_white.png>
Package pdftex.def Info: assets/use_seal_white.png  used on input line 190.
(pdftex.def)             Requested size: 13.98306pt x 13.98311pt.
[4

]
File: assets/tema_logo.png Graphic file (type png)
<use assets/tema_logo.png>
Package pdftex.def Info: assets/tema_logo.png  used on input line 197.
(pdftex.def)             Requested size: 79.21426pt x 46.09158pt.
File: assets/background.png Graphic file (type png)
<use assets/background.png>
Package pdftex.def Info: assets/background.png  used on input line 197.
(pdftex.def)             Requested size: 455.23724pt x 256.07065pt.
 [5

]
<assets//enhanced_end_to_end_scheme.png, id=99, 758.1123pt x 496.85625pt>
File: assets//enhanced_end_to_end_scheme.png Graphic file (type png)
<use assets//enhanced_end_to_end_scheme.png>
Package pdftex.def Info: assets//enhanced_end_to_end_scheme.png  used on input 
line 296.
(pdftex.def)             Requested size: 163.88168pt x 107.40578pt.
File: assets/background.png Graphic file (type png)
<use assets/background.png>
Package pdftex.def Info: assets/background.png  used on input line 296.
(pdftex.def)             Requested size: 455.23724pt x 256.07065pt.
File: assets/swoosh_light.png Graphic file (type png)
<use assets/swoosh_light.png>
Package pdftex.def Info: assets/swoosh_light.png  used on input line 296.
(pdftex.def)             Requested size: 17.08665pt x 5.37817pt.
File: assets/use_seal_white.png Graphic file (type png)
<use assets/use_seal_white.png>
Package pdftex.def Info: assets/use_seal_white.png  used on input line 296.
(pdftex.def)             Requested size: 13.98306pt x 13.98311pt.
 [6

 <./assets//enhanced_end_to_end_scheme.png>]
LaTeX Font Info:    Font shape `OT1/phv/b/n' will be
(Font)              scaled to size 10.0pt on input line 308.
Package textcomp Info: Symbol \textrightarrow not provided by
(textcomp)             font family phv in TS1 encoding.
(textcomp)             Default family used instead on input line 308.
LaTeX Font Info:    Trying to load font information for TS1+cmss on input line 
308.

(/usr/share/texlive/texmf-dist/tex/latex/base/ts1cmss.fd
File: ts1cmss.fd 2019/12/16 v2.5j Standard LaTeX font definitions
)
Package microtype Info: Loading generic protrusion settings for font family
(microtype)             `cmss' (encoding: TS1).
(microtype)             For optimal results, create family-specific settings.
(microtype)             See the microtype manual for details.
File: assets/background.png Graphic file (type png)
<use assets/background.png>
Package pdftex.def Info: assets/background.png  used on input line 308.
(pdftex.def)             Requested size: 455.23724pt x 256.07065pt.
File: assets/swoosh_light.png Graphic file (type png)
<use assets/swoosh_light.png>
Package pdftex.def Info: assets/swoosh_light.png  used on input line 308.
(pdftex.def)             Requested size: 17.08665pt x 5.37817pt.
File: assets/use_seal_white.png Graphic file (type png)
<use assets/use_seal_white.png>
Package pdftex.def Info: assets/use_seal_white.png  used on input line 308.
(pdftex.def)             Requested size: 13.98306pt x 13.98311pt.
 [7

]
File: assets/background.png Graphic file (type png)
<use assets/background.png>
Package pdftex.def Info: assets/background.png  used on input line 327.
(pdftex.def)             Requested size: 455.23724pt x 256.07065pt.
File: assets/swoosh_light.png Graphic file (type png)
<use assets/swoosh_light.png>
Package pdftex.def Info: assets/swoosh_light.png  used on input line 327.
(pdftex.def)             Requested size: 17.08665pt x 5.37817pt.
File: assets/use_seal_white.png Graphic file (type png)
<use assets/use_seal_white.png>
Package pdftex.def Info: assets/use_seal_white.png  used on input line 327.
(pdftex.def)             Requested size: 13.98306pt x 13.98311pt.
 [8

]
LaTeX Font Info:    Font shape `OT1/phv/m/it' in size <9> not available
(Font)              Font shape `OT1/phv/m/sl' tried instead on input line 354.
LaTeX Font Info:    Font shape `OT1/phv/m/sl' will be
(Font)              scaled to size 9.0pt on input line 354.
File: assets/background.png Graphic file (type png)
<use assets/background.png>
Package pdftex.def Info: assets/background.png  used on input line 354.
(pdftex.def)             Requested size: 455.23724pt x 256.07065pt.
File: assets/swoosh_light.png Graphic file (type png)
<use assets/swoosh_light.png>
Package pdftex.def Info: assets/swoosh_light.png  used on input line 354.
(pdftex.def)             Requested size: 17.08665pt x 5.37817pt.
File: assets/use_seal_white.png Graphic file (type png)
<use assets/use_seal_white.png>
Package pdftex.def Info: assets/use_seal_white.png  used on input line 354.
(pdftex.def)             Requested size: 13.98306pt x 13.98311pt.
 [9

]
<assets//INTERACTION_DIAGRAM.png, id=123, 3854.4pt x 1750.54pt>
File: assets//INTERACTION_DIAGRAM.png Graphic file (type png)
<use assets//INTERACTION_DIAGRAM.png>
Package pdftex.def Info: assets//INTERACTION_DIAGRAM.png  used on input line 36
1.
(pdftex.def)             Requested size: 401.51863pt x 182.35637pt.
File: assets/background.png Graphic file (type png)
<use assets/background.png>
Package pdftex.def Info: assets/background.png  used on input line 361.
(pdftex.def)             Requested size: 455.23724pt x 256.07065pt.
File: assets/swoosh_light.png Graphic file (type png)
<use assets/swoosh_light.png>
Package pdftex.def Info: assets/swoosh_light.png  used on input line 361.
(pdftex.def)             Requested size: 17.08665pt x 5.37817pt.
File: assets/use_seal_white.png Graphic file (type png)
<use assets/use_seal_white.png>
Package pdftex.def Info: assets/use_seal_white.png  used on input line 361.
(pdftex.def)             Requested size: 13.98306pt x 13.98311pt.
 [10

 <./assets//INTERACTION_DIAGRAM.png>]
<assets//web_app_diagram.png, id=130, 2428.07124pt x 1946.27126pt>
File: assets//web_app_diagram.png Graphic file (type png)
<use assets//web_app_diagram.png>
Package pdftex.def Info: assets//web_app_diagram.png  used on input line 366.
(pdftex.def)             Requested size: 235.85606pt x 189.05536pt.
File: assets/background.png Graphic file (type png)
<use assets/background.png>
Package pdftex.def Info: assets/background.png  used on input line 366.
(pdftex.def)             Requested size: 455.23724pt x 256.07065pt.
File: assets/swoosh_light.png Graphic file (type png)
<use assets/swoosh_light.png>
Package pdftex.def Info: assets/swoosh_light.png  used on input line 366.
(pdftex.def)             Requested size: 17.08665pt x 5.37817pt.
File: assets/use_seal_white.png Graphic file (type png)
<use assets/use_seal_white.png>
Package pdftex.def Info: assets/use_seal_white.png  used on input line 366.
(pdftex.def)             Requested size: 13.98306pt x 13.98311pt.
 [11

 <./assets//web_app_diagram.png>]
<assets//asyncapproach.png, id=137, 3854.4pt x 3460.93pt>
File: assets//asyncapproach.png Graphic file (type png)
<use assets//asyncapproach.png>
Package pdftex.def Info: assets//asyncapproach.png  used on input line 381.
(pdftex.def)             Requested size: 176.14594pt x 158.16437pt.
File: assets/background.png Graphic file (type png)
<use assets/background.png>
Package pdftex.def Info: assets/background.png  used on input line 381.
(pdftex.def)             Requested size: 455.23724pt x 256.07065pt.
File: assets/swoosh_light.png Graphic file (type png)
<use assets/swoosh_light.png>
Package pdftex.def Info: assets/swoosh_light.png  used on input line 381.
(pdftex.def)             Requested size: 17.08665pt x 5.37817pt.
File: assets/use_seal_white.png Graphic file (type png)
<use assets/use_seal_white.png>
Package pdftex.def Info: assets/use_seal_white.png  used on input line 381.
(pdftex.def)             Requested size: 13.98306pt x 13.98311pt.
 [12

 <./assets//asyncapproach.png>]
File: assets/background.png Graphic file (type png)
<use assets/background.png>
Package pdftex.def Info: assets/background.png  used on input line 406.
(pdftex.def)             Requested size: 455.23724pt x 256.07065pt.
File: assets/swoosh_light.png Graphic file (type png)
<use assets/swoosh_light.png>
Package pdftex.def Info: assets/swoosh_light.png  used on input line 406.
(pdftex.def)             Requested size: 17.08665pt x 5.37817pt.
File: assets/use_seal_white.png Graphic file (type png)
<use assets/use_seal_white.png>
Package pdftex.def Info: assets/use_seal_white.png  used on input line 406.
(pdftex.def)             Requested size: 13.98306pt x 13.98311pt.
 [13

]
File: assets/background.png Graphic file (type png)
<use assets/background.png>
Package pdftex.def Info: assets/background.png  used on input line 427.
(pdftex.def)             Requested size: 455.23724pt x 256.07065pt.
File: assets/swoosh_light.png Graphic file (type png)
<use assets/swoosh_light.png>
Package pdftex.def Info: assets/swoosh_light.png  used on input line 427.
(pdftex.def)             Requested size: 17.08665pt x 5.37817pt.
File: assets/use_seal_white.png Graphic file (type png)
<use assets/use_seal_white.png>
Package pdftex.def Info: assets/use_seal_white.png  used on input line 427.
(pdftex.def)             Requested size: 13.98306pt x 13.98311pt.
 [14

]
File: assets/background.png Graphic file (type png)
<use assets/background.png>
Package pdftex.def Info: assets/background.png  used on input line 444.
(pdftex.def)             Requested size: 455.23724pt x 256.07065pt.
File: assets/swoosh_light.png Graphic file (type png)
<use assets/swoosh_light.png>
Package pdftex.def Info: assets/swoosh_light.png  used on input line 444.
(pdftex.def)             Requested size: 17.08665pt x 5.37817pt.
File: assets/use_seal_white.png Graphic file (type png)
<use assets/use_seal_white.png>
Package pdftex.def Info: assets/use_seal_white.png  used on input line 444.
(pdftex.def)             Requested size: 13.98306pt x 13.98311pt.
 [15

]
File: assets/background.png Graphic file (type png)
<use assets/background.png>
Package pdftex.def Info: assets/background.png  used on input line 462.
(pdftex.def)             Requested size: 455.23724pt x 256.07065pt.
File: assets/swoosh_light.png Graphic file (type png)
<use assets/swoosh_light.png>
Package pdftex.def Info: assets/swoosh_light.png  used on input line 462.
(pdftex.def)             Requested size: 17.08665pt x 5.37817pt.
File: assets/use_seal_white.png Graphic file (type png)
<use assets/use_seal_white.png>
Package pdftex.def Info: assets/use_seal_white.png  used on input line 462.
(pdftex.def)             Requested size: 13.98306pt x 13.98311pt.
 [16

]
File: assets/background.png Graphic file (type png)
<use assets/background.png>
Package pdftex.def Info: assets/background.png  used on input line 483.
(pdftex.def)             Requested size: 455.23724pt x 256.07065pt.
File: assets/swoosh_light.png Graphic file (type png)
<use assets/swoosh_light.png>
Package pdftex.def Info: assets/swoosh_light.png  used on input line 483.
(pdftex.def)             Requested size: 17.08665pt x 5.37817pt.
File: assets/use_seal_white.png Graphic file (type png)
<use assets/use_seal_white.png>
Package pdftex.def Info: assets/use_seal_white.png  used on input line 483.
(pdftex.def)             Requested size: 13.98306pt x 13.98311pt.
 [17

]
File: assets/background.png Graphic file (type png)
<use assets/background.png>
Package pdftex.def Info: assets/background.png  used on input line 503.
(pdftex.def)             Requested size: 455.23724pt x 256.07065pt.
File: assets/swoosh_light.png Graphic file (type png)
<use assets/swoosh_light.png>
Package pdftex.def Info: assets/swoosh_light.png  used on input line 503.
(pdftex.def)             Requested size: 17.08665pt x 5.37817pt.
File: assets/use_seal_white.png Graphic file (type png)
<use assets/use_seal_white.png>
Package pdftex.def Info: assets/use_seal_white.png  used on input line 503.
(pdftex.def)             Requested size: 13.98306pt x 13.98311pt.
 [18

]
File: assets/background.png Graphic file (type png)
<use assets/background.png>
Package pdftex.def Info: assets/background.png  used on input line 525.
(pdftex.def)             Requested size: 455.23724pt x 256.07065pt.
File: assets/swoosh_light.png Graphic file (type png)
<use assets/swoosh_light.png>
Package pdftex.def Info: assets/swoosh_light.png  used on input line 525.
(pdftex.def)             Requested size: 17.08665pt x 5.37817pt.
File: assets/use_seal_white.png Graphic file (type png)
<use assets/use_seal_white.png>
Package pdftex.def Info: assets/use_seal_white.png  used on input line 525.
(pdftex.def)             Requested size: 13.98306pt x 13.98311pt.
 [19

]
File: assets/background.png Graphic file (type png)
<use assets/background.png>
Package pdftex.def Info: assets/background.png  used on input line 545.
(pdftex.def)             Requested size: 455.23724pt x 256.07065pt.
File: assets/swoosh_light.png Graphic file (type png)
<use assets/swoosh_light.png>
Package pdftex.def Info: assets/swoosh_light.png  used on input line 545.
(pdftex.def)             Requested size: 17.08665pt x 5.37817pt.
File: assets/use_seal_white.png Graphic file (type png)
<use assets/use_seal_white.png>
Package pdftex.def Info: assets/use_seal_white.png  used on input line 545.
(pdftex.def)             Requested size: 13.98306pt x 13.98311pt.
 [20

]
LaTeX Font Info:    Font shape `OT1/phv/b/n' will be
(Font)              scaled to size 7.0pt on input line 566.
LaTeX Font Info:    Font shape `OT1/phv/b/n' will be
(Font)              scaled to size 5.0pt on input line 566.
File: assets/background.png Graphic file (type png)
<use assets/background.png>
Package pdftex.def Info: assets/background.png  used on input line 566.
(pdftex.def)             Requested size: 455.23724pt x 256.07065pt.
File: assets/swoosh_light.png Graphic file (type png)
<use assets/swoosh_light.png>
Package pdftex.def Info: assets/swoosh_light.png  used on input line 566.
(pdftex.def)             Requested size: 17.08665pt x 5.37817pt.
File: assets/use_seal_white.png Graphic file (type png)
<use assets/use_seal_white.png>
Package pdftex.def Info: assets/use_seal_white.png  used on input line 566.
(pdftex.def)             Requested size: 13.98306pt x 13.98311pt.
 [21

]
Overfull \hbox (15.51706pt too wide) detected at line 598
\OT1/phv/m/sl/10 S[] \OT1/cmss/m/n/10 = \OT1/phv/m/sl/10 HP[]H[] \OT1/cmss/m/n/
10 + \OT1/phv/m/sl/10 R[]\OML/cmm/m/it/10 ;  \OT1/phv/m/sl/10 K[] \OT1/cmss/m/n
/10 = \OT1/phv/m/sl/10 P[]H[]S[]\OML/cmm/m/it/10 ;
 []


Overfull \hbox (78.26205pt too wide) detected at line 598
[] \OT1/cmss/m/n/10 = [] + \OT1/phv/m/sl/10 K[][]z[] \OMS/cmsy/m/n/10 ^^@ \OT1/
phv/m/sl/10 H[][]\OML/cmm/m/it/10 ;  \OT1/phv/m/sl/10 P[] \OT1/cmss/m/n/10 = (\
OT1/phv/m/sl/10 I \OMS/cmsy/m/n/10 ^^@ \OT1/phv/m/sl/10 K[]H\OT1/cmss/m/n/10 )\
OT1/phv/m/sl/10 P[]\OML/cmm/m/it/10 :
 []


Overfull \hbox (1.88203pt too wide) detected at line 598
\OT1/phv/m/sl/10 C[] \OT1/cmss/m/n/10 = \OML/cmm/m/it/10  [] \OT1/cmss/m/n/10 
+ \OML/cmm/m/it/10 ^^L \OT1/cmss/m/n/10 (\OT1/phv/m/n/10 1 \OMS/cmsy/m/n/10 ^^@
 \OT1/phv/m/sl/10 c[]\OT1/cmss/m/n/10 )\OML/cmm/m/it/10 :
 []

File: assets/background.png Graphic file (type png)
<use assets/background.png>
Package pdftex.def Info: assets/background.png  used on input line 598.
(pdftex.def)             Requested size: 455.23724pt x 256.07065pt.
File: assets/swoosh_light.png Graphic file (type png)
<use assets/swoosh_light.png>
Package pdftex.def Info: assets/swoosh_light.png  used on input line 598.
(pdftex.def)             Requested size: 17.08665pt x 5.37817pt.
File: assets/use_seal_white.png Graphic file (type png)
<use assets/use_seal_white.png>
Package pdftex.def Info: assets/use_seal_white.png  used on input line 598.
(pdftex.def)             Requested size: 13.98306pt x 13.98311pt.
[22

]
Package textcomp Info: Symbol \textrightarrow not provided by
(textcomp)             font family phv in TS1 encoding.
(textcomp)             Default family used instead on input line 618.
Package textcomp Info: Symbol \textrightarrow not provided by
(textcomp)             font family phv in TS1 encoding.
(textcomp)             Default family used instead on input line 618.
Package textcomp Info: Symbol \textrightarrow not provided by
(textcomp)             font family phv in TS1 encoding.
(textcomp)             Default family used instead on input line 618.
Package textcomp Info: Symbol \textrightarrow not provided by
(textcomp)             font family phv in TS1 encoding.
(textcomp)             Default family used instead on input line 618.
File: assets/background.png Graphic file (type png)
<use assets/background.png>
Package pdftex.def Info: assets/background.png  used on input line 618.
(pdftex.def)             Requested size: 455.23724pt x 256.07065pt.
File: assets/swoosh_light.png Graphic file (type png)
<use assets/swoosh_light.png>
Package pdftex.def Info: assets/swoosh_light.png  used on input line 618.
(pdftex.def)             Requested size: 17.08665pt x 5.37817pt.
File: assets/use_seal_white.png Graphic file (type png)
<use assets/use_seal_white.png>
Package pdftex.def Info: assets/use_seal_white.png  used on input line 618.
(pdftex.def)             Requested size: 13.98306pt x 13.98311pt.
 [23

]
File: assets/background.png Graphic file (type png)
<use assets/background.png>
Package pdftex.def Info: assets/background.png  used on input line 628.
(pdftex.def)             Requested size: 455.23724pt x 256.07065pt.
File: assets/swoosh_light.png Graphic file (type png)
<use assets/swoosh_light.png>
Package pdftex.def Info: assets/swoosh_light.png  used on input line 628.
(pdftex.def)             Requested size: 17.08665pt x 5.37817pt.
File: assets/use_seal_white.png Graphic file (type png)
<use assets/use_seal_white.png>
Package pdftex.def Info: assets/use_seal_white.png  used on input line 628.
(pdftex.def)             Requested size: 13.98306pt x 13.98311pt.
 [24

]
File: assets/background.png Graphic file (type png)
<use assets/background.png>
Package pdftex.def Info: assets/background.png  used on input line 636.
(pdftex.def)             Requested size: 455.23724pt x 256.07065pt.
File: assets/swoosh_light.png Graphic file (type png)
<use assets/swoosh_light.png>
Package pdftex.def Info: assets/swoosh_light.png  used on input line 636.
(pdftex.def)             Requested size: 17.08665pt x 5.37817pt.
File: assets/use_seal_white.png Graphic file (type png)
<use assets/use_seal_white.png>
Package pdftex.def Info: assets/use_seal_white.png  used on input line 636.
(pdftex.def)             Requested size: 13.98306pt x 13.98311pt.
 [25

]
File: assets/background.png Graphic file (type png)
<use assets/background.png>
Package pdftex.def Info: assets/background.png  used on input line 640.
(pdftex.def)             Requested size: 455.23724pt x 256.07065pt.
File: assets/swoosh_light.png Graphic file (type png)
<use assets/swoosh_light.png>
Package pdftex.def Info: assets/swoosh_light.png  used on input line 640.
(pdftex.def)             Requested size: 17.08665pt x 5.37817pt.
File: assets/use_seal_white.png Graphic file (type png)
<use assets/use_seal_white.png>
Package pdftex.def Info: assets/use_seal_white.png  used on input line 640.
(pdftex.def)             Requested size: 13.98306pt x 13.98311pt.
 [26

]
File: assets/background.png Graphic file (type png)
<use assets/background.png>
Package pdftex.def Info: assets/background.png  used on input line 644.
(pdftex.def)             Requested size: 455.23724pt x 256.07065pt.
File: assets/swoosh_light.png Graphic file (type png)
<use assets/swoosh_light.png>
Package pdftex.def Info: assets/swoosh_light.png  used on input line 644.
(pdftex.def)             Requested size: 17.08665pt x 5.37817pt.
File: assets/use_seal_white.png Graphic file (type png)
<use assets/use_seal_white.png>
Package pdftex.def Info: assets/use_seal_white.png  used on input line 644.
(pdftex.def)             Requested size: 13.98306pt x 13.98311pt.
 [27

]
File: assets/background.png Graphic file (type png)
<use assets/background.png>
Package pdftex.def Info: assets/background.png  used on input line 648.
(pdftex.def)             Requested size: 455.23724pt x 256.07065pt.
File: assets/swoosh_light.png Graphic file (type png)
<use assets/swoosh_light.png>
Package pdftex.def Info: assets/swoosh_light.png  used on input line 648.
(pdftex.def)             Requested size: 17.08665pt x 5.37817pt.
File: assets/use_seal_white.png Graphic file (type png)
<use assets/use_seal_white.png>
Package pdftex.def Info: assets/use_seal_white.png  used on input line 648.
(pdftex.def)             Requested size: 13.98306pt x 13.98311pt.
 [28

]
File: assets/background.png Graphic file (type png)
<use assets/background.png>
Package pdftex.def Info: assets/background.png  used on input line 652.
(pdftex.def)             Requested size: 455.23724pt x 256.07065pt.
File: assets/swoosh_light.png Graphic file (type png)
<use assets/swoosh_light.png>
Package pdftex.def Info: assets/swoosh_light.png  used on input line 652.
(pdftex.def)             Requested size: 17.08665pt x 5.37817pt.
File: assets/use_seal_white.png Graphic file (type png)
<use assets/use_seal_white.png>
Package pdftex.def Info: assets/use_seal_white.png  used on input line 652.
(pdftex.def)             Requested size: 13.98306pt x 13.98311pt.
 [29

]
File: assets/background.png Graphic file (type png)
<use assets/background.png>
Package pdftex.def Info: assets/background.png  used on input line 656.
(pdftex.def)             Requested size: 455.23724pt x 256.07065pt.
File: assets/swoosh_light.png Graphic file (type png)
<use assets/swoosh_light.png>
Package pdftex.def Info: assets/swoosh_light.png  used on input line 656.
(pdftex.def)             Requested size: 17.08665pt x 5.37817pt.
File: assets/use_seal_white.png Graphic file (type png)
<use assets/use_seal_white.png>
Package pdftex.def Info: assets/use_seal_white.png  used on input line 656.
(pdftex.def)             Requested size: 13.98306pt x 13.98311pt.
 [30

]
File: assets/background.png Graphic file (type png)
<use assets/background.png>
Package pdftex.def Info: assets/background.png  used on input line 660.
(pdftex.def)             Requested size: 455.23724pt x 256.07065pt.
File: assets/swoosh_light.png Graphic file (type png)
<use assets/swoosh_light.png>
Package pdftex.def Info: assets/swoosh_light.png  used on input line 660.
(pdftex.def)             Requested size: 17.08665pt x 5.37817pt.
File: assets/use_seal_white.png Graphic file (type png)
<use assets/use_seal_white.png>
Package pdftex.def Info: assets/use_seal_white.png  used on input line 660.
(pdftex.def)             Requested size: 13.98306pt x 13.98311pt.
 [31

]
File: assets/background.png Graphic file (type png)
<use assets/background.png>
Package pdftex.def Info: assets/background.png  used on input line 664.
(pdftex.def)             Requested size: 455.23724pt x 256.07065pt.
File: assets/swoosh_light.png Graphic file (type png)
<use assets/swoosh_light.png>
Package pdftex.def Info: assets/swoosh_light.png  used on input line 664.
(pdftex.def)             Requested size: 17.08665pt x 5.37817pt.
File: assets/use_seal_white.png Graphic file (type png)
<use assets/use_seal_white.png>
Package pdftex.def Info: assets/use_seal_white.png  used on input line 664.
(pdftex.def)             Requested size: 13.98306pt x 13.98311pt.
 [32

]
File: assets/background.png Graphic file (type png)
<use assets/background.png>
Package pdftex.def Info: assets/background.png  used on input line 668.
(pdftex.def)             Requested size: 455.23724pt x 256.07065pt.
File: assets/swoosh_light.png Graphic file (type png)
<use assets/swoosh_light.png>
Package pdftex.def Info: assets/swoosh_light.png  used on input line 668.
(pdftex.def)             Requested size: 17.08665pt x 5.37817pt.
File: assets/use_seal_white.png Graphic file (type png)
<use assets/use_seal_white.png>
Package pdftex.def Info: assets/use_seal_white.png  used on input line 668.
(pdftex.def)             Requested size: 13.98306pt x 13.98311pt.
 [33

]
File: assets/background.png Graphic file (type png)
<use assets/background.png>
Package pdftex.def Info: assets/background.png  used on input line 672.
(pdftex.def)             Requested size: 455.23724pt x 256.07065pt.
File: assets/swoosh_light.png Graphic file (type png)
<use assets/swoosh_light.png>
Package pdftex.def Info: assets/swoosh_light.png  used on input line 672.
(pdftex.def)             Requested size: 17.08665pt x 5.37817pt.
File: assets/use_seal_white.png Graphic file (type png)
<use assets/use_seal_white.png>
Package pdftex.def Info: assets/use_seal_white.png  used on input line 672.
(pdftex.def)             Requested size: 13.98306pt x 13.98311pt.
 [34

]
File: assets/background.png Graphic file (type png)
<use assets/background.png>
Package pdftex.def Info: assets/background.png  used on input line 676.
(pdftex.def)             Requested size: 455.23724pt x 256.07065pt.
File: assets/swoosh_light.png Graphic file (type png)
<use assets/swoosh_light.png>
Package pdftex.def Info: assets/swoosh_light.png  used on input line 676.
(pdftex.def)             Requested size: 17.08665pt x 5.37817pt.
File: assets/use_seal_white.png Graphic file (type png)
<use assets/use_seal_white.png>
Package pdftex.def Info: assets/use_seal_white.png  used on input line 676.
(pdftex.def)             Requested size: 13.98306pt x 13.98311pt.
 [35

]
File: assets/background.png Graphic file (type png)
<use assets/background.png>
Package pdftex.def Info: assets/background.png  used on input line 680.
(pdftex.def)             Requested size: 455.23724pt x 256.07065pt.
File: assets/swoosh_light.png Graphic file (type png)
<use assets/swoosh_light.png>
Package pdftex.def Info: assets/swoosh_light.png  used on input line 680.
(pdftex.def)             Requested size: 17.08665pt x 5.37817pt.
File: assets/use_seal_white.png Graphic file (type png)
<use assets/use_seal_white.png>
Package pdftex.def Info: assets/use_seal_white.png  used on input line 680.
(pdftex.def)             Requested size: 13.98306pt x 13.98311pt.
 [36

]
File: assets/background.png Graphic file (type png)
<use assets/background.png>
Package pdftex.def Info: assets/background.png  used on input line 684.
(pdftex.def)             Requested size: 455.23724pt x 256.07065pt.
File: assets/swoosh_light.png Graphic file (type png)
<use assets/swoosh_light.png>
Package pdftex.def Info: assets/swoosh_light.png  used on input line 684.
(pdftex.def)             Requested size: 17.08665pt x 5.37817pt.
File: assets/use_seal_white.png Graphic file (type png)
<use assets/use_seal_white.png>
Package pdftex.def Info: assets/use_seal_white.png  used on input line 684.
(pdftex.def)             Requested size: 13.98306pt x 13.98311pt.

[37

]
File: assets/background.png Graphic file (type png)
<use assets/background.png>
Package pdftex.def Info: assets/background.png  used on input line 688.
(pdftex.def)             Requested size: 455.23724pt x 256.07065pt.
File: assets/swoosh_light.png Graphic file (type png)
<use assets/swoosh_light.png>
Package pdftex.def Info: assets/swoosh_light.png  used on input line 688.
(pdftex.def)             Requested size: 17.08665pt x 5.37817pt.
File: assets/use_seal_white.png Graphic file (type png)
<use assets/use_seal_white.png>
Package pdftex.def Info: assets/use_seal_white.png  used on input line 688.
(pdftex.def)             Requested size: 13.98306pt x 13.98311pt.
 [38

]
\tf@nav=\write6
\openout6 = `main.nav'.

\tf@toc=\write7
\openout7 = `main.toc'.

\tf@snm=\write8
\openout8 = `main.snm'.

 (./main.aux)
Package rerunfilecheck Info: File `main.out' has not changed.
(rerunfilecheck)             Checksum: D41D8CD98F00B204E9800998ECF8427E;0.
 ) 
Here is how much of TeX's memory you used:
 27335 strings out of 480171
 540755 string characters out of 5894488
 824016 words of memory out of 5000000
 44373 multiletter control sequences out of 15000+600000
 532367 words of font info for 251 fonts, out of 8000000 for 9000
 59 hyphenation exceptions out of 8191
 128i,16n,122p,1001b,970s stack positions out of 5000i,500n,10000p,200000b,80000s
 </home/grvc/.texlive2021/texmf-var/fonts/pk/ljfour/jknappen/ec/tcss0900.600p
k> </home/grvc/.texlive2021/texmf-var/fonts/pk/ljfour/jknappen/ec/tcss1000.600p
k>{/usr/share/texlive/texmf-dist/fonts/enc/dvips/base/8r.enc}</usr/share/texliv
e/texmf-dist/fonts/type1/public/amsfonts/cm/cmex10.pfb></usr/share/texlive/texm
f-dist/fonts/type1/public/amsfonts/cm/cmmi10.pfb></usr/share/texlive/texmf-dist
/fonts/type1/public/amsfonts/cm/cmmi5.pfb></usr/share/texlive/texmf-dist/fonts/
type1/public/amsfonts/cm/cmmi7.pfb></usr/share/texlive/texmf-dist/fonts/type1/p
ublic/amsfonts/cm/cmmi8.pfb></usr/share/texlive/texmf-dist/fonts/type1/public/a
msfonts/cm/cmss10.pfb></usr/share/texlive/texmf-dist/fonts/type1/public/amsfont
s/cm/cmss8.pfb></usr/share/texlive/texmf-dist/fonts/type1/public/amsfonts/cm/cm
sy10.pfb></usr/share/texlive/texmf-dist/fonts/type1/public/amsfonts/cm/cmsy7.pf
b></usr/share/texlive/texmf-dist/fonts/type1/public/amsfonts/symbols/msam10.pfb
></usr/share/texlive/texmf-dist/fonts/type1/urw/helvetic/uhvb8a.pfb></usr/share
/texlive/texmf-dist/fonts/type1/urw/helvetic/uhvr8a.pfb></usr/share/texlive/tex
mf-dist/fonts/type1/urw/helvetic/uhvro8a.pfb>
Output written on main.pdf (38 pages, 10306472 bytes).
PDF statistics:
 375 PDF objects out of 1000 (max. 8388607)
 239 compressed objects within 3 object streams
 77 named destinations out of 1000 (max. 500000)
 113857 words of extra memory for PDF output out of 128383 (max. 10000000)

